mode: atomic
github.com/rhl/businessos-backend/internal/livekit/voice_agent_go.go:58.127,60.22 2 0
github.com/rhl/businessos-backend/internal/livekit/voice_agent_go.go:60.22,62.3 1 0
github.com/rhl/businessos-backend/internal/livekit/voice_agent_go.go:64.2,82.3 3 0
github.com/rhl/businessos-backend/internal/livekit/voice_agent_go.go:88.61,99.2 4 0
github.com/rhl/businessos-backend/internal/livekit/voice_agent_go.go:102.99,105.50 2 0
github.com/rhl/businessos-backend/internal/livekit/voice_agent_go.go:105.50,109.3 3 0
github.com/rhl/businessos-backend/internal/livekit/voice_agent_go.go:110.2,123.119 3 0
github.com/rhl/businessos-backend/internal/livekit/voice_agent_go.go:123.119,129.5 2 0
github.com/rhl/businessos-backend/internal/livekit/voice_agent_go.go:130.91,135.5 1 0
github.com/rhl/businessos-backend/internal/livekit/voice_agent_go.go:136.121,140.5 1 0
github.com/rhl/businessos-backend/internal/livekit/voice_agent_go.go:142.61,146.4 1 0
github.com/rhl/businessos-backend/internal/livekit/voice_agent_go.go:147.64,150.4 1 0
github.com/rhl/businessos-backend/internal/livekit/voice_agent_go.go:151.26,156.4 4 0
github.com/rhl/businessos-backend/internal/livekit/voice_agent_go.go:159.2,159.16 1 0
github.com/rhl/businessos-backend/internal/livekit/voice_agent_go.go:159.16,161.3 1 0
github.com/rhl/businessos-backend/internal/livekit/voice_agent_go.go:164.2,170.12 5 0
github.com/rhl/businessos-backend/internal/livekit/voice_agent_go.go:174.202,176.46 1 0
github.com/rhl/businessos-backend/internal/livekit/voice_agent_go.go:176.46,178.3 1 0
github.com/rhl/businessos-backend/internal/livekit/voice_agent_go.go:180.2,189.13 5 0
github.com/rhl/businessos-backend/internal/livekit/voice_agent_go.go:189.13,192.3 2 0
github.com/rhl/businessos-backend/internal/livekit/voice_agent_go.go:195.2,195.78 1 0
github.com/rhl/businessos-backend/internal/livekit/voice_agent_go.go:200.70,201.26 1 13
github.com/rhl/businessos-backend/internal/livekit/voice_agent_go.go:201.26,203.3 1 1
github.com/rhl/businessos-backend/internal/livekit/voice_agent_go.go:206.2,207.36 2 12
github.com/rhl/businessos-backend/internal/livekit/voice_agent_go.go:207.36,209.3 1 352321
github.com/rhl/businessos-backend/internal/livekit/voice_agent_go.go:210.2,215.37 3 12
github.com/rhl/businessos-backend/internal/livekit/voice_agent_go.go:220.210,229.16 3 0
github.com/rhl/businessos-backend/internal/livekit/voice_agent_go.go:229.16,232.3 2 0
github.com/rhl/businessos-backend/internal/livekit/voice_agent_go.go:235.2,252.12 8 0
github.com/rhl/businessos-backend/internal/livekit/voice_agent_go.go:252.12,253.7 1 0
github.com/rhl/businessos-backend/internal/livekit/voice_agent_go.go:253.7,255.18 2 0
github.com/rhl/businessos-backend/internal/livekit/voice_agent_go.go:255.18,256.29 1 0
github.com/rhl/businessos-backend/internal/livekit/voice_agent_go.go:256.29,258.6 1 0
github.com/rhl/businessos-backend/internal/livekit/voice_agent_go.go:259.5,260.11 2 0
github.com/rhl/businessos-backend/internal/livekit/voice_agent_go.go:262.4,262.32 1 0
github.com/rhl/businessos-backend/internal/livekit/voice_agent_go.go:266.2,266.6 1 0
github.com/rhl/businessos-backend/internal/livekit/voice_agent_go.go:266.6,267.10 1 0
github.com/rhl/businessos-backend/internal/livekit/voice_agent_go.go:268.33,269.11 1 0
github.com/rhl/businessos-backend/internal/livekit/voice_agent_go.go:269.11,271.27 1 0
github.com/rhl/businessos-backend/internal/livekit/voice_agent_go.go:271.27,273.6 1 0
github.com/rhl/businessos-backend/internal/livekit/voice_agent_go.go:274.5,274.11 1 0
github.com/rhl/businessos-backend/internal/livekit/voice_agent_go.go:278.4,279.18 2 0
github.com/rhl/businessos-backend/internal/livekit/voice_agent_go.go:279.18,281.13 2 0
github.com/rhl/businessos-backend/internal/livekit/voice_agent_go.go:285.4,286.31 2 0
github.com/rhl/businessos-backend/internal/livekit/voice_agent_go.go:288.31,294.26 3 0
github.com/rhl/businessos-backend/internal/livekit/voice_agent_go.go:294.26,299.17 2 0
github.com/rhl/businessos-backend/internal/livekit/voice_agent_go.go:299.17,303.6 1 0
github.com/rhl/businessos-backend/internal/livekit/voice_agent_go.go:308.5,308.70 1 0
github.com/rhl/businessos-backend/internal/livekit/voice_agent_go.go:308.70,320.6 4 0
github.com/rhl/businessos-backend/internal/livekit/voice_agent_go.go:320.11,320.64 1 0
github.com/rhl/businessos-backend/internal/livekit/voice_agent_go.go:320.64,324.6 1 0
github.com/rhl/businessos-backend/internal/livekit/voice_agent_go.go:332.155,346.16 6 0
github.com/rhl/businessos-backend/internal/livekit/voice_agent_go.go:346.16,349.3 2 0
github.com/rhl/businessos-backend/internal/livekit/voice_agent_go.go:351.2,365.16 7 0
github.com/rhl/businessos-backend/internal/livekit/voice_agent_go.go:365.16,368.3 2 0
github.com/rhl/businessos-backend/internal/livekit/voice_agent_go.go:371.2,381.16 5 0
github.com/rhl/businessos-backend/internal/livekit/voice_agent_go.go:381.16,384.3 2 0
github.com/rhl/businessos-backend/internal/livekit/voice_agent_go.go:386.2,404.16 8 0
github.com/rhl/businessos-backend/internal/livekit/voice_agent_go.go:404.16,407.3 2 0
github.com/rhl/businessos-backend/internal/livekit/voice_agent_go.go:409.2,416.68 3 0
github.com/rhl/businessos-backend/internal/livekit/voice_agent_go.go:416.68,419.3 2 0
github.com/rhl/businessos-backend/internal/livekit/voice_agent_go.go:421.2,427.39 2 0
github.com/rhl/businessos-backend/internal/livekit/voice_agent_go.go:433.59,439.16 3 3
github.com/rhl/businessos-backend/internal/livekit/voice_agent_go.go:439.16,441.3 1 3
github.com/rhl/businessos-backend/internal/livekit/voice_agent_go.go:444.2,451.6 4 0
github.com/rhl/businessos-backend/internal/livekit/voice_agent_go.go:451.6,453.12 2 0
github.com/rhl/businessos-backend/internal/livekit/voice_agent_go.go:453.12,455.4 1 0
github.com/rhl/businessos-backend/internal/livekit/voice_agent_go.go:456.3,456.17 1 0
github.com/rhl/businessos-backend/internal/livekit/voice_agent_go.go:456.17,457.28 1 0
github.com/rhl/businessos-backend/internal/livekit/voice_agent_go.go:457.28,459.5 1 0
github.com/rhl/businessos-backend/internal/livekit/voice_agent_go.go:460.4,460.9 1 0
github.com/rhl/businessos-backend/internal/livekit/voice_agent_go.go:466.2,469.40 3 0
github.com/rhl/businessos-backend/internal/livekit/voice_agent_go.go:469.40,476.3 3 0
github.com/rhl/businessos-backend/internal/livekit/voice_agent_go.go:478.2,478.37 1 0
github.com/rhl/businessos-backend/internal/livekit/voice_agent_go.go:483.111,492.16 4 0
github.com/rhl/businessos-backend/internal/livekit/voice_agent_go.go:492.16,495.3 2 0
github.com/rhl/businessos-backend/internal/livekit/voice_agent_go.go:497.2,507.16 4 0
github.com/rhl/businessos-backend/internal/livekit/voice_agent_go.go:507.16,509.3 1 0
github.com/rhl/businessos-backend/internal/livekit/voice_agent_go.go:510.2,517.16 3 0
github.com/rhl/businessos-backend/internal/livekit/voice_agent_go.go:517.16,519.3 1 0
github.com/rhl/businessos-backend/internal/livekit/voice_agent_go.go:520.2,527.50 4 0
github.com/rhl/businessos-backend/internal/livekit/voice_agent_go.go:527.50,529.28 2 0
github.com/rhl/businessos-backend/internal/livekit/voice_agent_go.go:529.28,531.4 1 0
github.com/rhl/businessos-backend/internal/livekit/voice_agent_go.go:533.3,540.51 3 0
github.com/rhl/businessos-backend/internal/livekit/voice_agent_go.go:540.51,543.4 2 0
github.com/rhl/businessos-backend/internal/livekit/voice_agent_go.go:547.2,554.12 4 0
github.com/rhl/businessos-backend/internal/livekit/voice_agent_go.go:558.72,563.36 3 4
github.com/rhl/businessos-backend/internal/livekit/voice_agent_go.go:563.36,565.3 1 2162
github.com/rhl/businessos-backend/internal/livekit/voice_agent_go.go:567.2,591.20 18 4
github.com/rhl/businessos-backend/internal/livekit/voice_agent_go.go:595.61,598.13 3 0
github.com/rhl/businessos-backend/internal/livekit/voice_agent_go.go:598.13,601.3 2 0
github.com/rhl/businessos-backend/internal/livekit/voice_agent_go.go:602.2,607.12 5 0
github.com/rhl/businessos-backend/internal/livekit/voice_agent_go.go:611.44,615.44 3 0
github.com/rhl/businessos-backend/internal/livekit/voice_agent_go.go:615.44,618.3 2 0
github.com/rhl/businessos-backend/internal/livekit/voice_agent_go.go:619.2,619.46 1 0
github.com/rhl/businessos-backend/internal/livekit/voice_agent_go.go:623.39,627.2 3 0
github.com/rhl/businessos-backend/internal/livekit/voice_agent_go.go:630.54,635.34 4 0
github.com/rhl/businessos-backend/internal/livekit/voice_agent_go.go:635.34,637.3 1 0
github.com/rhl/businessos-backend/internal/livekit/voice_agent_go.go:638.2,638.14 1 0
github.com/rhl/businessos-backend/internal/agents/agent_v2.go:121.20,128.2 1 0
github.com/rhl/businessos-backend/internal/agents/agent_v2.go:137.11,149.19 2 0
github.com/rhl/businessos-backend/internal/agents/agent_v2.go:150.31,151.32 1 0
github.com/rhl/businessos-backend/internal/agents/agent_v2.go:152.27,153.33 1 0
github.com/rhl/businessos-backend/internal/agents/agent_v2.go:154.26,155.32 1 0
github.com/rhl/businessos-backend/internal/agents/agent_v2.go:156.23,157.29 1 0
github.com/rhl/businessos-backend/internal/agents/agent_v2.go:158.25,159.31 1 0
github.com/rhl/businessos-backend/internal/agents/agent_v2.go:160.26,161.32 1 0
github.com/rhl/businessos-backend/internal/agents/agent_v2.go:162.10,163.32 1 0
github.com/rhl/businessos-backend/internal/agents/agent_v2.go:168.59,169.19 1 0
github.com/rhl/businessos-backend/internal/agents/agent_v2.go:170.15,171.29 1 0
github.com/rhl/businessos-backend/internal/agents/agent_v2.go:172.29,173.28 1 0
github.com/rhl/businessos-backend/internal/agents/agent_v2.go:174.23,175.28 1 0
github.com/rhl/businessos-backend/internal/agents/agent_v2.go:176.10,177.33 1 0
github.com/rhl/businessos-backend/internal/agents/agent_v2.go:182.50,183.11 1 0
github.com/rhl/businessos-backend/internal/agents/agent_v2.go:184.22,185.33 1 0
github.com/rhl/businessos-backend/internal/agents/agent_v2.go:186.18,187.29 1 0
github.com/rhl/businessos-backend/internal/agents/agent_v2.go:188.17,189.28 1 0
github.com/rhl/businessos-backend/internal/agents/agent_v2.go:190.14,191.25 1 0
github.com/rhl/businessos-backend/internal/agents/agent_v2.go:192.16,193.27 1 0
github.com/rhl/businessos-backend/internal/agents/agent_v2.go:194.29,195.28 1 0
github.com/rhl/businessos-backend/internal/agents/agent_v2.go:196.10,197.33 1 0
github.com/rhl/businessos-backend/internal/agents/agents.go:26.55,27.19 1 7
github.com/rhl/businessos-backend/internal/agents/agents.go:28.29,29.27 1 2
github.com/rhl/businessos-backend/internal/agents/agents.go:30.15,31.27 1 1
github.com/rhl/businessos-backend/internal/agents/agents.go:32.15,33.27 1 1
github.com/rhl/businessos-backend/internal/agents/agents.go:34.17,35.31 1 1
github.com/rhl/businessos-backend/internal/agents/agents.go:36.10,37.31 1 2
github.com/rhl/businessos-backend/internal/agents/agents.go:71.14,72.17 1 0
github.com/rhl/businessos-backend/internal/agents/agents.go:72.17,74.3 1 0
github.com/rhl/businessos-backend/internal/agents/agents.go:75.2,84.3 1 0
github.com/rhl/businessos-backend/internal/agents/agents.go:87.35,89.2 1 0
github.com/rhl/businessos-backend/internal/agents/agents.go:91.42,99.2 2 0
github.com/rhl/businessos-backend/internal/agents/agents.go:101.43,103.2 1 0
github.com/rhl/businessos-backend/internal/agents/agents.go:105.58,107.2 1 0
github.com/rhl/businessos-backend/internal/agents/agents.go:109.109,113.2 3 0
github.com/rhl/businessos-backend/internal/agents/agents.go:120.134,128.2 1 0
github.com/rhl/businessos-backend/internal/agents/agents.go:135.134,143.2 1 0
github.com/rhl/businessos-backend/internal/agents/agents.go:150.134,158.2 1 0
github.com/rhl/businessos-backend/internal/agents/agents.go:172.142,181.2 1 0
github.com/rhl/businessos-backend/internal/agents/agents.go:184.195,186.20 2 0
github.com/rhl/businessos-backend/internal/agents/agents.go:186.20,189.3 2 0
github.com/rhl/businessos-backend/internal/agents/agents.go:191.2,200.3 2 0
github.com/rhl/businessos-backend/internal/agents/agents.go:204.60,207.40 2 0
github.com/rhl/businessos-backend/internal/agents/agents.go:207.40,209.3 1 0
github.com/rhl/businessos-backend/internal/agents/agents.go:211.2,212.14 2 0
github.com/rhl/businessos-backend/internal/agents/agents.go:213.35,214.79 1 0
github.com/rhl/businessos-backend/internal/agents/agents.go:215.35,216.79 1 0
github.com/rhl/businessos-backend/internal/agents/agents.go:217.35,218.79 1 0
github.com/rhl/businessos-backend/internal/agents/agents.go:219.10,220.13 1 0
github.com/rhl/businessos-backend/internal/agents/agents.go:223.2,224.14 2 0
github.com/rhl/businessos-backend/internal/agents/agents.go:228.58,229.47 1 5
github.com/rhl/businessos-backend/internal/agents/agents.go:229.47,231.3 1 1
github.com/rhl/businessos-backend/internal/agents/agents.go:233.2,235.22 3 4
github.com/rhl/businessos-backend/internal/agents/agents.go:235.22,237.3 1 1
github.com/rhl/businessos-backend/internal/agents/agents.go:239.2,239.19 1 3
github.com/rhl/businessos-backend/internal/agents/agents.go:243.117,247.12 3 0
github.com/rhl/businessos-backend/internal/agents/agents.go:247.12,255.17 6 0
github.com/rhl/businessos-backend/internal/agents/agents.go:255.17,258.4 2 0
github.com/rhl/businessos-backend/internal/agents/agents.go:261.3,263.22 2 0
github.com/rhl/businessos-backend/internal/agents/agents.go:263.22,266.23 2 0
github.com/rhl/businessos-backend/internal/agents/agents.go:266.23,276.9 3 0
github.com/rhl/businessos-backend/internal/agents/agents.go:276.9,277.13 1 0
github.com/rhl/businessos-backend/internal/agents/agents.go:278.36,279.14 1 0
github.com/rhl/businessos-backend/internal/agents/agents.go:279.14,281.8 1 0
github.com/rhl/businessos-backend/internal/agents/agents.go:282.7,282.22 1 0
github.com/rhl/businessos-backend/internal/agents/agents.go:283.28,284.21 1 0
github.com/rhl/businessos-backend/internal/agents/agents.go:284.21,286.8 1 0
github.com/rhl/businessos-backend/internal/agents/agents.go:287.7,287.13 1 0
github.com/rhl/businessos-backend/internal/agents/agents.go:288.24,289.13 1 0
github.com/rhl/businessos-backend/internal/agents/agents.go:292.10,297.30 4 0
github.com/rhl/businessos-backend/internal/agents/agents.go:297.30,299.6 1 0
github.com/rhl/businessos-backend/internal/agents/agents.go:299.11,302.6 1 0
github.com/rhl/businessos-backend/internal/agents/agents.go:304.9,311.8 3 0
github.com/rhl/businessos-backend/internal/agents/agents.go:311.8,312.12 1 0
github.com/rhl/businessos-backend/internal/agents/agents.go:313.38,314.13 1 0
github.com/rhl/businessos-backend/internal/agents/agents.go:314.13,316.7 1 0
github.com/rhl/businessos-backend/internal/agents/agents.go:318.6,319.26 2 0
github.com/rhl/businessos-backend/internal/agents/agents.go:319.26,321.7 1 0
github.com/rhl/businessos-backend/internal/agents/agents.go:322.30,323.20 1 0
github.com/rhl/businessos-backend/internal/agents/agents.go:323.20,325.7 1 0
github.com/rhl/businessos-backend/internal/agents/agents.go:326.6,326.12 1 0
github.com/rhl/businessos-backend/internal/agents/agents.go:327.23,328.12 1 0
github.com/rhl/businessos-backend/internal/agents/agents.go:334.2,334.21 1 0
github.com/rhl/businessos-backend/internal/agents/agents.go:345.9,346.19 1 0
github.com/rhl/businessos-backend/internal/agents/agents.go:347.29,348.72 1 0
github.com/rhl/businessos-backend/internal/agents/agents.go:349.25,350.68 1 0
github.com/rhl/businessos-backend/internal/agents/agents.go:351.25,352.68 1 0
github.com/rhl/businessos-backend/internal/agents/agents.go:353.25,354.68 1 0
github.com/rhl/businessos-backend/internal/agents/agents.go:355.10,356.72 1 0
github.com/rhl/businessos-backend/internal/agents/agents.go:370.9,371.19 1 0
github.com/rhl/businessos-backend/internal/agents/agents.go:372.29,373.102 1 0
github.com/rhl/businessos-backend/internal/agents/agents.go:374.25,375.68 1 0
github.com/rhl/businessos-backend/internal/agents/agents.go:376.25,377.68 1 0
github.com/rhl/businessos-backend/internal/agents/agents.go:378.25,379.68 1 0
github.com/rhl/businessos-backend/internal/agents/agents.go:380.10,381.102 1 0
github.com/rhl/businessos-backend/internal/agents/base_agent_v2.go:63.57,65.38 2 31
github.com/rhl/businessos-backend/internal/agents/base_agent_v2.go:65.38,67.3 1 0
github.com/rhl/businessos-backend/internal/agents/base_agent_v2.go:70.2,71.41 2 31
github.com/rhl/businessos-backend/internal/agents/base_agent_v2.go:71.41,72.34 1 0
github.com/rhl/businessos-backend/internal/agents/base_agent_v2.go:72.34,75.4 1 0
github.com/rhl/businessos-backend/internal/agents/base_agent_v2.go:75.9,77.4 1 0
github.com/rhl/businessos-backend/internal/agents/base_agent_v2.go:80.2,96.3 1 31
github.com/rhl/businessos-backend/internal/agents/base_agent_v2.go:100.42,102.2 1 1
github.com/rhl/businessos-backend/internal/agents/base_agent_v2.go:105.37,107.2 1 7
github.com/rhl/businessos-backend/internal/agents/base_agent_v2.go:110.44,112.2 1 7
github.com/rhl/businessos-backend/internal/agents/base_agent_v2.go:115.48,117.2 1 9
github.com/rhl/businessos-backend/internal/agents/base_agent_v2.go:120.68,122.2 1 8
github.com/rhl/businessos-backend/internal/agents/base_agent_v2.go:125.46,127.2 1 1
github.com/rhl/businessos-backend/internal/agents/base_agent_v2.go:130.60,132.2 1 0
github.com/rhl/businessos-backend/internal/agents/base_agent_v2.go:135.56,137.2 1 0
github.com/rhl/businessos-backend/internal/agents/base_agent_v2.go:140.60,142.18 2 0
github.com/rhl/businessos-backend/internal/agents/base_agent_v2.go:142.18,145.3 2 0
github.com/rhl/businessos-backend/internal/agents/base_agent_v2.go:149.57,151.2 1 0
github.com/rhl/businessos-backend/internal/agents/base_agent_v2.go:154.59,156.2 1 0
github.com/rhl/businessos-backend/internal/agents/base_agent_v2.go:159.59,162.2 2 0
github.com/rhl/businessos-backend/internal/agents/base_agent_v2.go:165.56,167.2 1 0
github.com/rhl/businessos-backend/internal/agents/base_agent_v2.go:170.54,172.2 1 0
github.com/rhl/businessos-backend/internal/agents/base_agent_v2.go:175.58,177.2 1 0
github.com/rhl/businessos-backend/internal/agents/base_agent_v2.go:180.50,182.2 1 10
github.com/rhl/businessos-backend/internal/agents/base_agent_v2.go:185.69,186.55 1 0
github.com/rhl/businessos-backend/internal/agents/base_agent_v2.go:186.55,188.3 1 0
github.com/rhl/businessos-backend/internal/agents/base_agent_v2.go:190.2,191.42 2 0
github.com/rhl/businessos-backend/internal/agents/base_agent_v2.go:191.42,192.55 1 0
github.com/rhl/businessos-backend/internal/agents/base_agent_v2.go:192.55,201.4 1 0
github.com/rhl/businessos-backend/internal/agents/base_agent_v2.go:203.2,203.13 1 0
github.com/rhl/businessos-backend/internal/agents/base_agent_v2.go:207.112,208.27 1 1
github.com/rhl/businessos-backend/internal/agents/base_agent_v2.go:208.27,210.3 1 1
github.com/rhl/businessos-backend/internal/agents/base_agent_v2.go:213.2,214.35 2 0
github.com/rhl/businessos-backend/internal/agents/base_agent_v2.go:214.35,215.20 1 0
github.com/rhl/businessos-backend/internal/agents/base_agent_v2.go:215.20,217.9 2 0
github.com/rhl/businessos-backend/internal/agents/base_agent_v2.go:220.2,220.14 1 0
github.com/rhl/businessos-backend/internal/agents/base_agent_v2.go:220.14,222.3 1 0
github.com/rhl/businessos-backend/internal/agents/base_agent_v2.go:224.2,224.57 1 0
github.com/rhl/businessos-backend/internal/agents/base_agent_v2.go:228.120,232.12 3 0
github.com/rhl/businessos-backend/internal/agents/base_agent_v2.go:232.12,240.56 4 0
github.com/rhl/businessos-backend/internal/agents/base_agent_v2.go:240.56,244.4 2 0
github.com/rhl/businessos-backend/internal/agents/base_agent_v2.go:247.3,248.43 2 0
github.com/rhl/businessos-backend/internal/agents/base_agent_v2.go:248.43,249.56 1 0
github.com/rhl/businessos-backend/internal/agents/base_agent_v2.go:249.56,255.5 1 0
github.com/rhl/businessos-backend/internal/agents/base_agent_v2.go:259.3,267.17 5 0
github.com/rhl/businessos-backend/internal/agents/base_agent_v2.go:267.17,270.4 2 0
github.com/rhl/businessos-backend/internal/agents/base_agent_v2.go:273.3,273.30 1 0
github.com/rhl/businessos-backend/internal/agents/base_agent_v2.go:273.30,281.38 3 0
github.com/rhl/businessos-backend/internal/agents/base_agent_v2.go:281.38,290.19 3 0
github.com/rhl/businessos-backend/internal/agents/base_agent_v2.go:290.19,292.6 1 0
github.com/rhl/businessos-backend/internal/agents/base_agent_v2.go:292.11,294.6 1 0
github.com/rhl/businessos-backend/internal/agents/base_agent_v2.go:297.5,300.6 1 0
github.com/rhl/businessos-backend/internal/agents/base_agent_v2.go:304.4,305.18 2 0
github.com/rhl/businessos-backend/internal/agents/base_agent_v2.go:305.18,308.5 2 0
github.com/rhl/businessos-backend/internal/agents/base_agent_v2.go:311.4,311.61 1 0
github.com/rhl/businessos-backend/internal/agents/base_agent_v2.go:311.61,316.5 1 0
github.com/rhl/businessos-backend/internal/agents/base_agent_v2.go:317.9,319.60 1 0
github.com/rhl/businessos-backend/internal/agents/base_agent_v2.go:319.60,324.5 1 0
github.com/rhl/businessos-backend/internal/agents/base_agent_v2.go:327.3,327.65 1 0
github.com/rhl/businessos-backend/internal/agents/base_agent_v2.go:330.2,330.21 1 0
github.com/rhl/businessos-backend/internal/agents/base_agent_v2.go:334.131,344.6 7 0
github.com/rhl/businessos-backend/internal/agents/base_agent_v2.go:344.6,345.10 1 0
github.com/rhl/businessos-backend/internal/agents/base_agent_v2.go:346.30,347.11 1 0
github.com/rhl/businessos-backend/internal/agents/base_agent_v2.go:347.11,348.44 1 0
github.com/rhl/businessos-backend/internal/agents/base_agent_v2.go:348.44,350.6 1 0
github.com/rhl/businessos-backend/internal/agents/base_agent_v2.go:351.5,352.11 2 0
github.com/rhl/businessos-backend/internal/agents/base_agent_v2.go:354.4,354.55 1 0
github.com/rhl/businessos-backend/internal/agents/base_agent_v2.go:354.55,356.5 1 0
github.com/rhl/businessos-backend/internal/agents/base_agent_v2.go:357.25,358.18 1 0
github.com/rhl/businessos-backend/internal/agents/base_agent_v2.go:358.18,360.5 1 0
github.com/rhl/businessos-backend/internal/agents/base_agent_v2.go:361.4,361.10 1 0
github.com/rhl/businessos-backend/internal/agents/base_agent_v2.go:362.21,363.10 1 0
github.com/rhl/businessos-backend/internal/agents/base_agent_v2.go:369.56,371.41 2 0
github.com/rhl/businessos-backend/internal/agents/base_agent_v2.go:371.41,373.19 2 0
github.com/rhl/businessos-backend/internal/agents/base_agent_v2.go:373.19,375.4 1 0
github.com/rhl/businessos-backend/internal/agents/base_agent_v2.go:376.3,376.36 1 0
github.com/rhl/businessos-backend/internal/agents/base_agent_v2.go:378.2,378.15 1 0
github.com/rhl/businessos-backend/internal/agents/base_agent_v2.go:382.111,386.12 3 0
github.com/rhl/businessos-backend/internal/agents/base_agent_v2.go:386.12,407.7 9 0
github.com/rhl/businessos-backend/internal/agents/base_agent_v2.go:407.7,408.11 1 0
github.com/rhl/businessos-backend/internal/agents/base_agent_v2.go:409.31,410.12 1 0
github.com/rhl/businessos-backend/internal/agents/base_agent_v2.go:410.12,412.45 1 0
github.com/rhl/businessos-backend/internal/agents/base_agent_v2.go:412.45,414.7 1 0
github.com/rhl/businessos-backend/internal/agents/base_agent_v2.go:415.6,416.12 2 0
github.com/rhl/businessos-backend/internal/agents/base_agent_v2.go:419.5,419.56 1 0
github.com/rhl/businessos-backend/internal/agents/base_agent_v2.go:419.56,421.6 1 0
github.com/rhl/businessos-backend/internal/agents/base_agent_v2.go:423.26,424.19 1 0
github.com/rhl/businessos-backend/internal/agents/base_agent_v2.go:424.19,426.6 1 0
github.com/rhl/businessos-backend/internal/agents/base_agent_v2.go:427.5,427.11 1 0
github.com/rhl/businessos-backend/internal/agents/base_agent_v2.go:429.22,430.11 1 0
github.com/rhl/businessos-backend/internal/agents/base_agent_v2.go:435.2,435.21 1 0
github.com/rhl/businessos-backend/internal/agents/base_agent_v2.go:439.78,443.48 2 0
github.com/rhl/businessos-backend/internal/agents/base_agent_v2.go:443.48,444.39 1 0
github.com/rhl/businessos-backend/internal/agents/base_agent_v2.go:444.39,446.9 2 0
github.com/rhl/businessos-backend/internal/agents/base_agent_v2.go:451.2,451.26 1 0
github.com/rhl/businessos-backend/internal/agents/base_agent_v2.go:451.26,453.41 2 0
github.com/rhl/businessos-backend/internal/agents/base_agent_v2.go:453.41,455.4 1 0
github.com/rhl/businessos-backend/internal/agents/base_agent_v2.go:455.9,457.4 1 0
github.com/rhl/businessos-backend/internal/agents/base_agent_v2.go:458.3,458.27 1 0
github.com/rhl/businessos-backend/internal/agents/base_agent_v2.go:458.27,464.4 2 0
github.com/rhl/businessos-backend/internal/agents/base_agent_v2.go:468.2,470.17 2 0
github.com/rhl/businessos-backend/internal/agents/base_agent_v2.go:474.62,481.31 3 0
github.com/rhl/businessos-backend/internal/agents/base_agent_v2.go:481.31,484.3 2 0
github.com/rhl/businessos-backend/internal/agents/base_agent_v2.go:487.2,487.29 1 0
github.com/rhl/businessos-backend/internal/agents/base_agent_v2.go:487.29,488.19 1 0
github.com/rhl/businessos-backend/internal/agents/base_agent_v2.go:488.19,490.4 1 0
github.com/rhl/businessos-backend/internal/agents/base_agent_v2.go:491.3,492.73 2 0
github.com/rhl/businessos-backend/internal/agents/base_agent_v2.go:496.2,496.31 1 0
github.com/rhl/businessos-backend/internal/agents/base_agent_v2.go:496.31,497.19 1 0
github.com/rhl/businessos-backend/internal/agents/base_agent_v2.go:497.19,499.4 1 0
github.com/rhl/businessos-backend/internal/agents/base_agent_v2.go:500.3,501.77 2 0
github.com/rhl/businessos-backend/internal/agents/base_agent_v2.go:505.2,505.27 1 0
github.com/rhl/businessos-backend/internal/agents/base_agent_v2.go:505.27,506.19 1 0
github.com/rhl/businessos-backend/internal/agents/base_agent_v2.go:506.19,508.4 1 0
github.com/rhl/businessos-backend/internal/agents/base_agent_v2.go:509.3,510.82 2 0
github.com/rhl/businessos-backend/internal/agents/base_agent_v2.go:514.2,514.26 1 0
github.com/rhl/businessos-backend/internal/agents/base_agent_v2.go:514.26,515.19 1 0
github.com/rhl/businessos-backend/internal/agents/base_agent_v2.go:515.19,517.4 1 0
github.com/rhl/businessos-backend/internal/agents/base_agent_v2.go:518.3,519.81 2 0
github.com/rhl/businessos-backend/internal/agents/base_agent_v2.go:523.2,523.18 1 0
github.com/rhl/businessos-backend/internal/agents/base_agent_v2.go:523.18,525.3 1 0
github.com/rhl/businessos-backend/internal/agents/base_agent_v2.go:526.2,530.51 2 0
github.com/rhl/businessos-backend/internal/agents/base_agent_v2.go:530.51,533.45 3 0
github.com/rhl/businessos-backend/internal/agents/base_agent_v2.go:533.45,536.4 2 0
github.com/rhl/businessos-backend/internal/agents/base_agent_v2.go:540.2,540.34 1 0
github.com/rhl/businessos-backend/internal/agents/base_agent_v2.go:540.34,543.45 2 0
github.com/rhl/businessos-backend/internal/agents/base_agent_v2.go:543.45,545.4 1 0
github.com/rhl/businessos-backend/internal/agents/base_agent_v2.go:546.3,547.47 2 0
github.com/rhl/businessos-backend/internal/agents/base_agent_v2.go:549.2,549.15 1 0
github.com/rhl/businessos-backend/internal/agents/base_agent_v2.go:553.44,555.2 1 0
github.com/rhl/businessos-backend/internal/agents/base_agent_v2.go:558.47,560.2 1 0
github.com/rhl/businessos-backend/internal/agents/base_agent_v2.go:563.39,565.2 1 0
github.com/rhl/businessos-backend/internal/agents/base_agent_v2.go:568.41,570.2 1 0
github.com/rhl/businessos-backend/internal/agents/base_agent_v2.go:573.51,575.2 1 0
github.com/rhl/businessos-backend/internal/agents/base_agent_v2.go:578.38,580.2 1 1
github.com/rhl/businessos-backend/internal/agents/base_agent_v2.go:585.53,616.2 2 4
github.com/rhl/businessos-backend/internal/agents/base_agent_v2.go:619.54,645.2 2 5
github.com/rhl/businessos-backend/internal/agents/base_agent_v2.go:648.53,677.2 2 4
github.com/rhl/businessos-backend/internal/agents/base_agent_v2.go:680.52,708.2 2 5
github.com/rhl/businessos-backend/internal/agents/base_agent_v2.go:711.53,740.2 2 6
github.com/rhl/businessos-backend/internal/agents/base_agent_v2.go:743.50,771.2 2 4
github.com/rhl/businessos-backend/internal/agents/cot_agent.go:26.102,33.2 1 0
github.com/rhl/businessos-backend/internal/agents/cot_agent.go:36.108,40.12 3 0
github.com/rhl/businessos-backend/internal/agents/cot_agent.go:40.12,58.64 5 0
github.com/rhl/businessos-backend/internal/agents/cot_agent.go:58.64,60.21 1 0
github.com/rhl/businessos-backend/internal/agents/cot_agent.go:60.21,69.5 1 0
github.com/rhl/businessos-backend/internal/agents/cot_agent.go:72.4,77.18 4 0
github.com/rhl/businessos-backend/internal/agents/cot_agent.go:77.18,80.5 2 0
github.com/rhl/businessos-backend/internal/agents/cot_agent.go:83.4,85.27 2 0
github.com/rhl/businessos-backend/internal/agents/cot_agent.go:85.27,99.59 3 0
github.com/rhl/businessos-backend/internal/agents/cot_agent.go:99.59,101.6 1 0
github.com/rhl/businessos-backend/internal/agents/cot_agent.go:102.5,102.44 1 0
github.com/rhl/businessos-backend/internal/agents/cot_agent.go:102.44,104.6 1 0
github.com/rhl/businessos-backend/internal/agents/cot_agent.go:105.5,106.11 2 0
github.com/rhl/businessos-backend/internal/agents/cot_agent.go:110.4,110.33 1 0
github.com/rhl/businessos-backend/internal/agents/cot_agent.go:110.33,126.19 5 0
github.com/rhl/businessos-backend/internal/agents/cot_agent.go:126.19,129.6 2 0
github.com/rhl/businessos-backend/internal/agents/cot_agent.go:132.5,145.7 2 0
github.com/rhl/businessos-backend/internal/agents/cot_agent.go:150.3,153.4 1 0
github.com/rhl/businessos-backend/internal/agents/cot_agent.go:156.2,156.21 1 0
github.com/rhl/businessos-backend/internal/agents/cot_agent.go:166.63,173.32 4 0
github.com/rhl/businessos-backend/internal/agents/cot_agent.go:173.32,174.22 1 0
github.com/rhl/businessos-backend/internal/agents/cot_agent.go:174.22,176.68 2 0
github.com/rhl/businessos-backend/internal/agents/cot_agent.go:176.68,181.5 1 0
github.com/rhl/businessos-backend/internal/agents/cot_agent.go:187.2,189.36 3 0
github.com/rhl/businessos-backend/internal/agents/cot_agent.go:189.36,190.22 1 0
github.com/rhl/businessos-backend/internal/agents/cot_agent.go:190.22,195.81 2 0
github.com/rhl/businessos-backend/internal/agents/cot_agent.go:195.81,200.5 1 0
github.com/rhl/businessos-backend/internal/agents/cot_agent.go:204.2,204.14 1 0
github.com/rhl/businessos-backend/internal/agents/cot_agent.go:208.130,212.6 3 0
github.com/rhl/businessos-backend/internal/agents/cot_agent.go:212.6,213.10 1 0
github.com/rhl/businessos-backend/internal/agents/cot_agent.go:214.30,215.11 1 0
github.com/rhl/businessos-backend/internal/agents/cot_agent.go:215.11,217.5 1 0
github.com/rhl/businessos-backend/internal/agents/cot_agent.go:218.4,218.31 1 0
github.com/rhl/businessos-backend/internal/agents/cot_agent.go:219.22,220.18 1 0
github.com/rhl/businessos-backend/internal/agents/cot_agent.go:220.18,222.5 1 0
github.com/rhl/businessos-backend/internal/agents/cot_agent.go:223.4,223.33 1 0
github.com/rhl/businessos-backend/internal/agents/cot_agent.go:224.21,225.24 1 0
github.com/rhl/businessos-backend/internal/agents/cot_agent.go:231.84,236.23 3 0
github.com/rhl/businessos-backend/internal/agents/cot_agent.go:236.23,238.32 2 0
github.com/rhl/businessos-backend/internal/agents/cot_agent.go:238.32,239.62 1 0
github.com/rhl/businessos-backend/internal/agents/cot_agent.go:239.62,243.5 3 0
github.com/rhl/businessos-backend/internal/agents/cot_agent.go:245.3,248.56 2 0
github.com/rhl/businessos-backend/internal/agents/cot_agent.go:248.56,250.4 1 0
github.com/rhl/businessos-backend/internal/agents/cot_agent.go:250.9,252.4 1 0
github.com/rhl/businessos-backend/internal/agents/cot_agent.go:255.2,255.17 1 0
github.com/rhl/businessos-backend/internal/agents/cot_agent.go:259.50,260.22 1 0
github.com/rhl/businessos-backend/internal/agents/cot_agent.go:260.22,262.3 1 0
github.com/rhl/businessos-backend/internal/agents/cot_agent.go:263.2,263.27 1 0
github.com/rhl/businessos-backend/internal/agents/intent_router_v2.go:67.86,80.2 4 2
github.com/rhl/businessos-backend/internal/agents/intent_router_v2.go:83.50,147.2 4 2
github.com/rhl/businessos-backend/internal/agents/intent_router_v2.go:150.49,202.2 4 2
github.com/rhl/businessos-backend/internal/agents/intent_router_v2.go:205.140,206.24 1 8
github.com/rhl/businessos-backend/internal/agents/intent_router_v2.go:206.24,208.3 1 0
github.com/rhl/businessos-backend/internal/agents/intent_router_v2.go:211.2,213.42 3 8
github.com/rhl/businessos-backend/internal/agents/intent_router_v2.go:213.42,214.50 1 8
github.com/rhl/businessos-backend/internal/agents/intent_router_v2.go:214.50,215.25 1 8
github.com/rhl/businessos-backend/internal/agents/intent_router_v2.go:215.25,217.5 1 8
github.com/rhl/businessos-backend/internal/agents/intent_router_v2.go:218.4,219.37 2 8
github.com/rhl/businessos-backend/internal/agents/intent_router_v2.go:219.37,220.10 1 0
github.com/rhl/businessos-backend/internal/agents/intent_router_v2.go:225.2,225.23 1 8
github.com/rhl/businessos-backend/internal/agents/intent_router_v2.go:225.23,227.3 1 0
github.com/rhl/businessos-backend/internal/agents/intent_router_v2.go:229.2,233.37 3 8
github.com/rhl/businessos-backend/internal/agents/intent_router_v2.go:233.37,235.3 1 7
github.com/rhl/businessos-backend/internal/agents/intent_router_v2.go:238.2,250.74 5 1
github.com/rhl/businessos-backend/internal/agents/intent_router_v2.go:250.74,252.51 2 0
github.com/rhl/businessos-backend/internal/agents/intent_router_v2.go:252.51,254.4 1 0
github.com/rhl/businessos-backend/internal/agents/intent_router_v2.go:257.2,257.19 1 1
github.com/rhl/businessos-backend/internal/agents/intent_router_v2.go:261.67,265.46 3 8
github.com/rhl/businessos-backend/internal/agents/intent_router_v2.go:265.46,266.30 1 32
github.com/rhl/businessos-backend/internal/agents/intent_router_v2.go:266.30,267.34 1 264
github.com/rhl/businessos-backend/internal/agents/intent_router_v2.go:267.34,269.52 2 7
github.com/rhl/businessos-backend/internal/agents/intent_router_v2.go:269.52,277.6 1 7
github.com/rhl/businessos-backend/internal/agents/intent_router_v2.go:282.2,282.18 1 8
github.com/rhl/businessos-backend/internal/agents/intent_router_v2.go:286.93,289.44 2 1
github.com/rhl/businessos-backend/internal/agents/intent_router_v2.go:289.44,292.34 2 4
github.com/rhl/businessos-backend/internal/agents/intent_router_v2.go:292.34,293.47 1 35
github.com/rhl/businessos-backend/internal/agents/intent_router_v2.go:293.47,296.29 3 0
github.com/rhl/businessos-backend/internal/agents/intent_router_v2.go:296.29,298.6 1 0
github.com/rhl/businessos-backend/internal/agents/intent_router_v2.go:303.3,303.24 1 4
github.com/rhl/businessos-backend/internal/agents/intent_router_v2.go:303.24,305.4 1 0
github.com/rhl/businessos-backend/internal/agents/intent_router_v2.go:306.3,308.28 2 4
github.com/rhl/businessos-backend/internal/agents/intent_router_v2.go:311.2,311.15 1 1
github.com/rhl/businessos-backend/internal/agents/intent_router_v2.go:315.128,318.22 2 1
github.com/rhl/businessos-backend/internal/agents/intent_router_v2.go:318.22,320.3 1 1
github.com/rhl/businessos-backend/internal/agents/intent_router_v2.go:323.2,323.37 1 0
github.com/rhl/businessos-backend/internal/agents/intent_router_v2.go:323.37,326.3 2 0
github.com/rhl/businessos-backend/internal/agents/intent_router_v2.go:329.2,329.42 1 0
github.com/rhl/businessos-backend/internal/agents/intent_router_v2.go:329.42,331.3 1 0
github.com/rhl/businessos-backend/internal/agents/intent_router_v2.go:334.2,334.37 1 0
github.com/rhl/businessos-backend/internal/agents/intent_router_v2.go:334.37,336.87 2 0
github.com/rhl/businessos-backend/internal/agents/intent_router_v2.go:336.87,338.4 1 0
github.com/rhl/businessos-backend/internal/agents/intent_router_v2.go:339.3,339.82 1 0
github.com/rhl/businessos-backend/internal/agents/intent_router_v2.go:339.82,341.4 1 0
github.com/rhl/businessos-backend/internal/agents/intent_router_v2.go:342.3,342.81 1 0
github.com/rhl/businessos-backend/internal/agents/intent_router_v2.go:342.81,344.4 1 0
github.com/rhl/businessos-backend/internal/agents/intent_router_v2.go:345.3,345.84 1 0
github.com/rhl/businessos-backend/internal/agents/intent_router_v2.go:345.84,347.4 1 0
github.com/rhl/businessos-backend/internal/agents/intent_router_v2.go:350.2,350.15 1 0
github.com/rhl/businessos-backend/internal/agents/intent_router_v2.go:354.171,358.34 2 1
github.com/rhl/businessos-backend/internal/agents/intent_router_v2.go:358.34,360.3 1 0
github.com/rhl/businessos-backend/internal/agents/intent_router_v2.go:363.2,363.41 1 1
github.com/rhl/businessos-backend/internal/agents/intent_router_v2.go:363.41,365.3 1 4
github.com/rhl/businessos-backend/internal/agents/intent_router_v2.go:368.2,368.42 1 1
github.com/rhl/businessos-backend/internal/agents/intent_router_v2.go:368.42,370.3 1 0
github.com/rhl/businessos-backend/internal/agents/intent_router_v2.go:372.2,372.17 1 1
github.com/rhl/businessos-backend/internal/agents/intent_router_v2.go:376.95,380.35 3 1
github.com/rhl/businessos-backend/internal/agents/intent_router_v2.go:380.35,381.24 1 4
github.com/rhl/businessos-backend/internal/agents/intent_router_v2.go:381.24,384.4 2 0
github.com/rhl/businessos-backend/internal/agents/intent_router_v2.go:388.2,388.21 1 1
github.com/rhl/businessos-backend/internal/agents/intent_router_v2.go:388.21,396.3 1 1
github.com/rhl/businessos-backend/internal/agents/intent_router_v2.go:398.2,404.3 1 0
github.com/rhl/businessos-backend/internal/agents/intent_router_v2.go:408.113,409.21 1 0
github.com/rhl/businessos-backend/internal/agents/intent_router_v2.go:409.21,411.3 1 0
github.com/rhl/businessos-backend/internal/agents/intent_router_v2.go:414.2,440.16 6 0
github.com/rhl/businessos-backend/internal/agents/intent_router_v2.go:440.16,443.3 2 0
github.com/rhl/businessos-backend/internal/agents/intent_router_v2.go:446.2,450.51 3 0
github.com/rhl/businessos-backend/internal/agents/intent_router_v2.go:450.51,451.63 1 0
github.com/rhl/businessos-backend/internal/agents/intent_router_v2.go:451.63,453.4 1 0
github.com/rhl/businessos-backend/internal/agents/intent_router_v2.go:456.2,456.73 1 0
github.com/rhl/businessos-backend/internal/agents/intent_router_v2.go:456.73,459.3 2 0
github.com/rhl/businessos-backend/internal/agents/intent_router_v2.go:462.2,472.9 3 0
github.com/rhl/businessos-backend/internal/agents/intent_router_v2.go:472.9,474.3 1 0
github.com/rhl/businessos-backend/internal/agents/intent_router_v2.go:476.2,484.3 2 0
github.com/rhl/businessos-backend/internal/agents/intent_router_v2.go:488.63,490.2 1 0
github.com/rhl/businessos-backend/internal/agents/intent_router_v2.go:493.43,495.2 1 0
github.com/rhl/businessos-backend/internal/agents/intent_router_v2.go:498.124,500.2 1 0
github.com/rhl/businessos-backend/internal/agents/intent_router_v2.go:503.71,504.19 1 5
github.com/rhl/businessos-backend/internal/agents/intent_router_v2.go:505.15,506.35 1 1
github.com/rhl/businessos-backend/internal/agents/intent_router_v2.go:507.29,508.34 1 1
github.com/rhl/businessos-backend/internal/agents/intent_router_v2.go:509.23,510.34 1 1
github.com/rhl/businessos-backend/internal/agents/intent_router_v2.go:511.10,512.40 1 2
github.com/rhl/businessos-backend/internal/agents/orchestration.go:50.60,57.2 1 0
github.com/rhl/businessos-backend/internal/agents/orchestration.go:60.55,67.2 6 0
github.com/rhl/businessos-backend/internal/agents/orchestration.go:70.84,73.33 3 0
github.com/rhl/businessos-backend/internal/agents/orchestration.go:73.33,74.24 1 0
github.com/rhl/businessos-backend/internal/agents/orchestration.go:74.24,77.51 3 0
github.com/rhl/businessos-backend/internal/agents/orchestration.go:77.51,81.5 3 0
github.com/rhl/businessos-backend/internal/agents/orchestration.go:82.4,82.9 1 0
github.com/rhl/businessos-backend/internal/agents/orchestration.go:88.62,92.33 4 0
github.com/rhl/businessos-backend/internal/agents/orchestration.go:92.33,94.3 1 0
github.com/rhl/businessos-backend/internal/agents/orchestration.go:95.2,96.30 2 0
github.com/rhl/businessos-backend/internal/agents/orchestration.go:96.30,98.3 1 0
github.com/rhl/businessos-backend/internal/agents/orchestration.go:99.2,99.15 1 0
github.com/rhl/businessos-backend/internal/agents/orchestration.go:132.100,143.2 1 0
github.com/rhl/businessos-backend/internal/agents/orchestration.go:163.109,172.2 1 0
github.com/rhl/businessos-backend/internal/agents/orchestration.go:205.65,211.48 4 0
github.com/rhl/businessos-backend/internal/agents/orchestration.go:211.48,212.56 1 0
github.com/rhl/businessos-backend/internal/agents/orchestration.go:212.56,214.9 2 0
github.com/rhl/businessos-backend/internal/agents/orchestration.go:218.2,226.12 6 0
github.com/rhl/businessos-backend/internal/agents/orchestration.go:226.12,280.24 21 0
github.com/rhl/businessos-backend/internal/agents/orchestration.go:281.17,283.64 1 0
github.com/rhl/businessos-backend/internal/agents/orchestration.go:285.19,287.106 1 0
github.com/rhl/businessos-backend/internal/agents/orchestration.go:289.22,291.106 1 0
github.com/rhl/businessos-backend/internal/agents/orchestration.go:293.21,295.106 1 0
github.com/rhl/businessos-backend/internal/agents/orchestration.go:299.3,299.39 1 0
github.com/rhl/businessos-backend/internal/agents/orchestration.go:299.39,302.4 2 0
github.com/rhl/businessos-backend/internal/agents/orchestration.go:305.3,314.4 5 0
github.com/rhl/businessos-backend/internal/agents/orchestration.go:317.2,317.26 1 0
github.com/rhl/businessos-backend/internal/agents/orchestration.go:326.18,369.85 7 0
github.com/rhl/businessos-backend/internal/agents/orchestration.go:369.85,371.3 1 0
github.com/rhl/businessos-backend/internal/agents/orchestration.go:374.2,376.81 1 0
github.com/rhl/businessos-backend/internal/agents/orchestration.go:376.81,378.3 1 0
github.com/rhl/businessos-backend/internal/agents/orchestration.go:381.2,383.43 1 0
github.com/rhl/businessos-backend/internal/agents/orchestration.go:383.43,385.3 1 0
github.com/rhl/businessos-backend/internal/agents/orchestration.go:388.2,390.42 1 0
github.com/rhl/businessos-backend/internal/agents/orchestration.go:390.42,392.3 1 0
github.com/rhl/businessos-backend/internal/agents/orchestration.go:395.2,397.37 1 0
github.com/rhl/businessos-backend/internal/agents/orchestration.go:397.37,399.3 1 0
github.com/rhl/businessos-backend/internal/agents/orchestration.go:402.2,403.78 1 0
github.com/rhl/businessos-backend/internal/agents/orchestration.go:403.78,404.56 1 0
github.com/rhl/businessos-backend/internal/agents/orchestration.go:404.56,406.4 1 0
github.com/rhl/businessos-backend/internal/agents/orchestration.go:409.2,413.55 2 0
github.com/rhl/businessos-backend/internal/agents/orchestration.go:413.55,423.3 3 0
github.com/rhl/businessos-backend/internal/agents/orchestration.go:423.8,423.50 1 0
github.com/rhl/businessos-backend/internal/agents/orchestration.go:423.50,428.3 3 0
github.com/rhl/businessos-backend/internal/agents/orchestration.go:428.8,428.48 1 0
github.com/rhl/businessos-backend/internal/agents/orchestration.go:428.48,433.3 3 0
github.com/rhl/businessos-backend/internal/agents/orchestration.go:433.8,433.29 1 0
github.com/rhl/businessos-backend/internal/agents/orchestration.go:433.29,436.30 2 0
github.com/rhl/businessos-backend/internal/agents/orchestration.go:436.30,444.9 3 0
github.com/rhl/businessos-backend/internal/agents/orchestration.go:446.8,456.3 3 0
github.com/rhl/businessos-backend/internal/agents/orchestration.go:458.2,458.13 1 0
github.com/rhl/businessos-backend/internal/agents/orchestration.go:462.133,474.38 4 0
github.com/rhl/businessos-backend/internal/agents/orchestration.go:474.38,475.42 1 0
github.com/rhl/businessos-backend/internal/agents/orchestration.go:475.42,483.27 2 0
github.com/rhl/businessos-backend/internal/agents/orchestration.go:483.27,485.5 1 0
github.com/rhl/businessos-backend/internal/agents/orchestration.go:486.4,488.11 3 0
github.com/rhl/businessos-backend/internal/agents/orchestration.go:493.2,493.25 1 0
github.com/rhl/businessos-backend/internal/agents/orchestration.go:493.25,495.29 2 0
github.com/rhl/businessos-backend/internal/agents/orchestration.go:495.29,497.4 1 0
github.com/rhl/businessos-backend/internal/agents/orchestration.go:498.3,504.5 1 0
github.com/rhl/businessos-backend/internal/agents/orchestration.go:509.131,513.29 3 0
github.com/rhl/businessos-backend/internal/agents/orchestration.go:513.29,524.3 4 0
github.com/rhl/businessos-backend/internal/agents/orchestration.go:527.2,527.25 1 0
github.com/rhl/businessos-backend/internal/agents/orchestration.go:527.25,535.3 1 0
github.com/rhl/businessos-backend/internal/agents/orchestration.go:546.3,594.29 9 0
github.com/rhl/businessos-backend/internal/agents/orchestration.go:594.29,597.3 2 0
github.com/rhl/businessos-backend/internal/agents/orchestration.go:598.2,598.31 1 0
github.com/rhl/businessos-backend/internal/agents/orchestration.go:598.31,601.3 2 0
github.com/rhl/businessos-backend/internal/agents/orchestration.go:603.2,609.6 6 0
github.com/rhl/businessos-backend/internal/agents/orchestration.go:609.6,610.10 1 0
github.com/rhl/businessos-backend/internal/agents/orchestration.go:611.35,612.11 1 0
github.com/rhl/businessos-backend/internal/agents/orchestration.go:612.11,619.5 6 0
github.com/rhl/businessos-backend/internal/agents/orchestration.go:620.4,623.46 4 0
github.com/rhl/businessos-backend/internal/agents/orchestration.go:623.46,624.47 1 0
github.com/rhl/businessos-backend/internal/agents/orchestration.go:624.47,627.6 2 0
github.com/rhl/businessos-backend/internal/agents/orchestration.go:629.27,630.18 1 0
github.com/rhl/businessos-backend/internal/agents/orchestration.go:630.18,635.5 4 0
github.com/rhl/businessos-backend/internal/agents/orchestration.go:635.10,637.5 1 0
github.com/rhl/businessos-backend/internal/agents/orchestration.go:638.4,638.10 1 0
github.com/rhl/businessos-backend/internal/agents/orchestration.go:639.21,641.10 2 0
github.com/rhl/businessos-backend/internal/agents/orchestration.go:658.3,659.26 1 0
github.com/rhl/businessos-backend/internal/agents/orchestration.go:659.26,661.3 1 0
github.com/rhl/businessos-backend/internal/agents/orchestration.go:663.2,733.29 15 0
github.com/rhl/businessos-backend/internal/agents/orchestration.go:733.29,736.3 2 0
github.com/rhl/businessos-backend/internal/agents/orchestration.go:737.2,737.31 1 0
github.com/rhl/businessos-backend/internal/agents/orchestration.go:737.31,740.3 2 0
github.com/rhl/businessos-backend/internal/agents/orchestration.go:742.2,745.6 3 0
github.com/rhl/businessos-backend/internal/agents/orchestration.go:745.6,746.10 1 0
github.com/rhl/businessos-backend/internal/agents/orchestration.go:747.35,748.11 1 0
github.com/rhl/businessos-backend/internal/agents/orchestration.go:748.11,754.5 5 0
github.com/rhl/businessos-backend/internal/agents/orchestration.go:755.4,756.46 2 0
github.com/rhl/businessos-backend/internal/agents/orchestration.go:756.46,757.47 1 0
github.com/rhl/businessos-backend/internal/agents/orchestration.go:757.47,759.6 1 0
github.com/rhl/businessos-backend/internal/agents/orchestration.go:761.27,762.18 1 0
github.com/rhl/businessos-backend/internal/agents/orchestration.go:762.18,766.5 3 0
github.com/rhl/businessos-backend/internal/agents/orchestration.go:767.4,767.10 1 0
github.com/rhl/businessos-backend/internal/agents/orchestration.go:768.21,769.10 1 0
github.com/rhl/businessos-backend/internal/agents/orchestration.go:786.3,796.34 4 0
github.com/rhl/businessos-backend/internal/agents/orchestration.go:796.34,797.24 1 0
github.com/rhl/businessos-backend/internal/agents/orchestration.go:797.24,798.12 1 0
github.com/rhl/businessos-backend/internal/agents/orchestration.go:801.3,802.26 2 0
github.com/rhl/businessos-backend/internal/agents/orchestration.go:802.26,820.31 7 0
github.com/rhl/businessos-backend/internal/agents/orchestration.go:820.31,823.5 2 0
github.com/rhl/businessos-backend/internal/agents/orchestration.go:824.4,824.33 1 0
github.com/rhl/businessos-backend/internal/agents/orchestration.go:824.33,827.5 2 0
github.com/rhl/businessos-backend/internal/agents/orchestration.go:829.4,832.8 3 0
github.com/rhl/businessos-backend/internal/agents/orchestration.go:832.8,833.12 1 0
github.com/rhl/businessos-backend/internal/agents/orchestration.go:834.37,835.13 1 0
github.com/rhl/businessos-backend/internal/agents/orchestration.go:835.13,840.7 4 0
github.com/rhl/businessos-backend/internal/agents/orchestration.go:841.6,841.48 1 0
github.com/rhl/businessos-backend/internal/agents/orchestration.go:841.48,842.49 1 0
github.com/rhl/businessos-backend/internal/agents/orchestration.go:842.49,844.8 1 0
github.com/rhl/businessos-backend/internal/agents/orchestration.go:846.29,847.20 1 0
github.com/rhl/businessos-backend/internal/agents/orchestration.go:847.20,851.7 3 0
github.com/rhl/businessos-backend/internal/agents/orchestration.go:852.6,852.12 1 0
github.com/rhl/businessos-backend/internal/agents/orchestration.go:853.23,854.12 1 0
github.com/rhl/businessos-backend/internal/agents/orchestration.go:861.2,861.12 1 0
github.com/rhl/businessos-backend/internal/agents/orchestration.go:861.12,864.3 2 0
github.com/rhl/businessos-backend/internal/agents/orchestration.go:867.2,868.30 2 0
github.com/rhl/businessos-backend/internal/agents/orchestration.go:868.30,869.26 1 0
github.com/rhl/businessos-backend/internal/agents/orchestration.go:869.26,870.12 1 0
github.com/rhl/businessos-backend/internal/agents/orchestration.go:872.3,877.33 3 0
github.com/rhl/businessos-backend/internal/agents/orchestration.go:880.2,880.39 1 0
github.com/rhl/businessos-backend/internal/agents/orchestration.go:900.50,901.24 1 0
github.com/rhl/businessos-backend/internal/agents/orchestration.go:901.24,903.3 1 0
github.com/rhl/businessos-backend/internal/agents/orchestration.go:905.2,909.32 4 0
github.com/rhl/businessos-backend/internal/agents/orchestration.go:909.32,911.22 2 0
github.com/rhl/businessos-backend/internal/agents/orchestration.go:911.22,913.4 1 0
github.com/rhl/businessos-backend/internal/agents/orchestration.go:914.3,915.28 2 0
github.com/rhl/businessos-backend/internal/agents/orchestration.go:918.2,921.20 3 0
github.com/rhl/businessos-backend/internal/agents/orchestration.go:936.3,950.34 5 0
github.com/rhl/businessos-backend/internal/agents/orchestration.go:950.34,971.34 6 0
github.com/rhl/businessos-backend/internal/agents/orchestration.go:971.34,978.4 3 0
github.com/rhl/businessos-backend/internal/agents/orchestration.go:981.3,981.26 1 0
github.com/rhl/businessos-backend/internal/agents/orchestration.go:981.26,983.25 2 0
github.com/rhl/businessos-backend/internal/agents/orchestration.go:983.25,989.5 2 0
github.com/rhl/businessos-backend/internal/agents/orchestration.go:993.3,996.31 2 0
github.com/rhl/businessos-backend/internal/agents/orchestration.go:996.31,998.4 1 0
github.com/rhl/businessos-backend/internal/agents/orchestration.go:1001.3,1005.30 3 0
github.com/rhl/businessos-backend/internal/agents/orchestration.go:1005.30,1008.4 2 0
github.com/rhl/businessos-backend/internal/agents/orchestration.go:1009.3,1009.32 1 0
github.com/rhl/businessos-backend/internal/agents/orchestration.go:1009.32,1012.4 2 0
github.com/rhl/businessos-backend/internal/agents/orchestration.go:1015.3,1015.23 1 0
github.com/rhl/businessos-backend/internal/agents/orchestration.go:1015.23,1017.4 1 0
github.com/rhl/businessos-backend/internal/agents/orchestration.go:1019.3,1023.13 4 0
github.com/rhl/businessos-backend/internal/agents/orchestration.go:1023.13,1024.11 1 0
github.com/rhl/businessos-backend/internal/agents/orchestration.go:1025.36,1026.12 1 0
github.com/rhl/businessos-backend/internal/agents/orchestration.go:1026.12,1028.11 2 0
github.com/rhl/businessos-backend/internal/agents/orchestration.go:1030.5,1031.47 2 0
github.com/rhl/businessos-backend/internal/agents/orchestration.go:1031.47,1032.48 1 0
github.com/rhl/businessos-backend/internal/agents/orchestration.go:1032.48,1034.7 1 0
github.com/rhl/businessos-backend/internal/agents/orchestration.go:1036.28,1037.19 1 0
github.com/rhl/businessos-backend/internal/agents/orchestration.go:1037.19,1049.38 5 0
github.com/rhl/businessos-backend/internal/agents/orchestration.go:1049.38,1050.15 1 0
github.com/rhl/businessos-backend/internal/agents/orchestration.go:1052.6,1052.12 1 0
github.com/rhl/businessos-backend/internal/agents/orchestration.go:1054.5,1054.16 1 0
github.com/rhl/businessos-backend/internal/agents/orchestration.go:1055.22,1056.11 1 0
github.com/rhl/businessos-backend/internal/agents/orchestration.go:1060.3,1082.4 7 0
github.com/rhl/businessos-backend/internal/agents/orchestration.go:1086.2,1092.3 2 0
github.com/rhl/businessos-backend/internal/agents/orchestration.go:1096.51,1097.19 1 0
github.com/rhl/businessos-backend/internal/agents/orchestration.go:1097.19,1099.3 1 0
github.com/rhl/businessos-backend/internal/agents/orchestration.go:1101.2,1102.30 2 0
github.com/rhl/businessos-backend/internal/agents/orchestration.go:1102.30,1103.28 1 0
github.com/rhl/businessos-backend/internal/agents/orchestration.go:1104.15,1105.57 1 0
github.com/rhl/businessos-backend/internal/agents/orchestration.go:1106.17,1107.77 1 0
github.com/rhl/businessos-backend/internal/agents/orchestration.go:1108.11,1110.73 2 0
github.com/rhl/businessos-backend/internal/agents/orchestration.go:1113.2,1113.20 1 0
github.com/rhl/businessos-backend/internal/agents/orchestration.go:1121.3,1133.33 5 0
github.com/rhl/businessos-backend/internal/agents/orchestration.go:1133.33,1134.82 1 0
github.com/rhl/businessos-backend/internal/agents/orchestration.go:1134.82,1136.4 1 0
github.com/rhl/businessos-backend/internal/agents/orchestration.go:1139.2,1140.61 2 0
github.com/rhl/businessos-backend/internal/agents/orchestration.go:1144.87,1152.25 6 0
github.com/rhl/businessos-backend/internal/agents/orchestration.go:1152.25,1155.35 3 0
github.com/rhl/businessos-backend/internal/agents/orchestration.go:1155.35,1157.24 2 0
github.com/rhl/businessos-backend/internal/agents/orchestration.go:1157.24,1159.5 1 0
github.com/rhl/businessos-backend/internal/agents/orchestration.go:1160.4,1161.24 2 0
github.com/rhl/businessos-backend/internal/agents/orchestration.go:1161.24,1163.5 1 0
github.com/rhl/businessos-backend/internal/agents/orchestration.go:1164.4,1164.105 1 0
github.com/rhl/businessos-backend/internal/agents/orchestration.go:1166.8,1166.62 1 0
github.com/rhl/businessos-backend/internal/agents/orchestration.go:1166.62,1168.3 1 0
github.com/rhl/businessos-backend/internal/agents/orchestration.go:1170.2,1171.20 2 0
github.com/rhl/businessos-backend/internal/agents/orchestration.go:1175.72,1183.2 7 0
github.com/rhl/businessos-backend/internal/agents/orchestration.go:1193.50,1194.22 1 0
github.com/rhl/businessos-backend/internal/agents/orchestration.go:1194.22,1196.3 1 0
github.com/rhl/businessos-backend/internal/agents/orchestration.go:1197.2,1197.27 1 0
github.com/rhl/businessos-backend/internal/agents/orchestration.go:1201.59,1205.16 4 0
github.com/rhl/businessos-backend/internal/agents/orchestration.go:1205.16,1207.3 1 0
github.com/rhl/businessos-backend/internal/agents/orchestration.go:1208.2,1208.26 1 0
github.com/rhl/businessos-backend/internal/agents/voice_adapter.go:18.73,22.2 1 2
github.com/rhl/businessos-backend/internal/agents/voice_adapter.go:34.48,57.27 3 0
github.com/rhl/businessos-backend/internal/agents/voice_adapter.go:57.27,59.3 1 0
github.com/rhl/businessos-backend/internal/agents/voice_adapter.go:62.2,66.30 2 0
